<?xml version="1.0" encoding="UTF-8"?>
<!-- Generated by org.testng.reporters.JUnitReportReporter -->
<testsuite hostname="DESKTOP-8BUMFP7" failures="0" tests="2" name="ALLAPIS.APIPractice" time="6.468" errors="0" timestamp="2021-11-16T18:04:23 IST" skipped="0">
  <testcase classname="ALLAPIS.APIPractice" name="test" time="5.868"/>
  <system-out/>
  <testcase classname="ALLAPIS.APIPractice" name="test1" time="0.600"/>
  <system-out/>
</testsuite> <!-- ALLAPIS.APIPractice -->
